This is pdfTeX, Version 3.1415926-2.4-1.40.13 (TeX Live 2012/Debian) (format=pdflatex 2012.11.23)  17 FEB 2013 15:26
entering extended mode
 restricted \write18 enabled.
 %&-line parsing enabled.
**cloud6.tex
(./cloud6.tex
LaTeX2e <2011/06/27>
Babel <v3.8m> and hyphenation patterns for english, dumylang, nohyphenation, lo
aded.
(/usr/share/texmf/tex/latex/beamer/base/beamer.cls
(/usr/share/texmf/tex/latex/beamer/base/beamerbasercs.sty
Package: beamerbasercs 2010/06/12 (rcs-revision c3821710bb40)
)
Document Class: beamer 2010/06/21 development version 3.10 A class for typesett
ing presentations (rcs-revision a6b1a8434d30)
(/usr/share/texmf/tex/latex/beamer/base/beamerbasemodes.sty
Package: beamerbasemodes 2010/05/01 (rcs-revision efa082c6111d)
\beamer@tempbox=\box26
\beamer@tempcount=\count79
\c@beamerpauses=\count80

(/usr/share/texmf/tex/latex/beamer/base/beamerbasedecode.sty
Package: beamerbasedecode 2010/05/01 (rcs-revision efa082c6111d)
\beamer@slideinframe=\count81
\beamer@minimum=\count82
)
\beamer@commentbox=\box27
\beamer@modecount=\count83
)
\headheight=\dimen102
\headdp=\dimen103
\footheight=\dimen104
\sidebarheight=\dimen105
\beamer@tempdim=\dimen106
\beamer@finalheight=\dimen107
\beamer@animht=\dimen108
\beamer@animdp=\dimen109
\beamer@animwd=\dimen110
\beamer@leftmargin=\dimen111
\beamer@rightmargin=\dimen112
\beamer@leftsidebar=\dimen113
\beamer@rightsidebar=\dimen114
\beamer@boxsize=\dimen115
\beamer@vboxoffset=\dimen116
\beamer@descdefault=\dimen117
\beamer@descriptionwidth=\dimen118
\beamer@lastskip=\skip41
\beamer@areabox=\box28
\beamer@animcurrent=\box29
\beamer@animshowbox=\box30
\beamer@sectionbox=\box31
\beamer@logobox=\box32
\beamer@linebox=\box33
\beamer@sectioncount=\count84
\beamer@subsubsectionmax=\count85
\beamer@subsectionmax=\count86
\beamer@sectionmax=\count87
\beamer@totalheads=\count88
\beamer@headcounter=\count89
\beamer@partstartpage=\count90
\beamer@sectionstartpage=\count91
\beamer@subsectionstartpage=\count92
\beamer@animationtempa=\count93
\beamer@animationtempb=\count94
\beamer@xpos=\count95
\beamer@ypos=\count96
\beamer@showpartnumber=\count97
\beamer@currentsubsection=\count98
\beamer@coveringdepth=\count99
\beamer@sectionadjust=\count100
\beamer@tocsectionnumber=\count101

(/usr/share/texmf/tex/latex/beamer/base/beamerbaseoptions.sty
Package: beamerbaseoptions 2010/04/27 (rcs-revision 982469101dd6)

(/usr/share/texlive/texmf-dist/tex/latex/graphics/keyval.sty
Package: keyval 1999/03/16 v1.13 key=value parser (DPC)
\KV@toks@=\toks14
))
\beamer@paperwidth=\skip42
\beamer@paperheight=\skip43

(/usr/share/texlive/texmf-dist/tex/latex/geometry/geometry.sty
Package: geometry 2010/09/12 v5.6 Page Geometry

(/usr/share/texlive/texmf-dist/tex/generic/oberdiek/ifpdf.sty
Package: ifpdf 2011/01/30 v2.3 Provides the ifpdf switch (HO)
Package ifpdf Info: pdfTeX in PDF mode is detected.
)
(/usr/share/texlive/texmf-dist/tex/generic/oberdiek/ifvtex.sty
Package: ifvtex 2010/03/01 v1.5 Detect VTeX and its facilities (HO)
Package ifvtex Info: VTeX not detected.
)
(/usr/share/texlive/texmf-dist/tex/generic/ifxetex/ifxetex.sty
Package: ifxetex 2010/09/12 v0.6 Provides ifxetex conditional
)
\Gm@cnth=\count102
\Gm@cntv=\count103
\c@Gm@tempcnt=\count104
\Gm@bindingoffset=\dimen119
\Gm@wd@mp=\dimen120
\Gm@odd@mp=\dimen121
\Gm@even@mp=\dimen122
\Gm@layoutwidth=\dimen123
\Gm@layoutheight=\dimen124
\Gm@layouthoffset=\dimen125
\Gm@layoutvoffset=\dimen126
\Gm@dimlist=\toks15
)
(/usr/share/texlive/texmf-dist/tex/latex/base/size11.clo
File: size11.clo 2007/10/19 v1.4h Standard LaTeX file (size option)
)
(/usr/share/texmf/tex/latex/pgf/basiclayer/pgfcore.sty
(/usr/share/texlive/texmf-dist/tex/latex/graphics/graphicx.sty
Package: graphicx 1999/02/16 v1.0f Enhanced LaTeX Graphics (DPC,SPQR)

(/usr/share/texlive/texmf-dist/tex/latex/graphics/graphics.sty
Package: graphics 2009/02/05 v1.0o Standard LaTeX Graphics (DPC,SPQR)

(/usr/share/texlive/texmf-dist/tex/latex/graphics/trig.sty
Package: trig 1999/03/16 v1.09 sin cos tan (DPC)
)
(/usr/share/texlive/texmf-dist/tex/latex/latexconfig/graphics.cfg
File: graphics.cfg 2010/04/23 v1.9 graphics configuration of TeX Live
)
Package graphics Info: Driver file: pdftex.def on input line 91.

(/usr/share/texlive/texmf-dist/tex/latex/pdftex-def/pdftex.def
File: pdftex.def 2011/05/27 v0.06d Graphics/color for pdfTeX

(/usr/share/texlive/texmf-dist/tex/generic/oberdiek/infwarerr.sty
Package: infwarerr 2010/04/08 v1.3 Providing info/warning/error messages (HO)
)
(/usr/share/texlive/texmf-dist/tex/generic/oberdiek/ltxcmds.sty
Package: ltxcmds 2011/11/09 v1.22 LaTeX kernel commands for general use (HO)
)
\Gread@gobject=\count105
))
\Gin@req@height=\dimen127
\Gin@req@width=\dimen128
)
(/usr/share/texmf/tex/latex/pgf/systemlayer/pgfsys.sty
(/usr/share/texmf/tex/latex/pgf/utilities/pgfrcs.sty
(/usr/share/texmf/tex/generic/pgf/utilities/pgfutil-common.tex
\pgfutil@everybye=\toks16
)
(/usr/share/texmf/tex/generic/pgf/utilities/pgfutil-latex.def
\pgfutil@abb=\box34

(/usr/share/texlive/texmf-dist/tex/latex/ms/everyshi.sty
Package: everyshi 2001/05/15 v3.00 EveryShipout Package (MS)
))
(/usr/share/texmf/tex/generic/pgf/utilities/pgfrcs.code.tex
Package: pgfrcs 2010/10/25 v2.10 (rcs-revision 1.24)
))
(/usr/share/texmf/tex/generic/pgf/systemlayer/pgfsys.code.tex
Package: pgfsys 2010/06/30 v2.10 (rcs-revision 1.37)

(/usr/share/texmf/tex/generic/pgf/utilities/pgfkeys.code.tex
\pgfkeys@pathtoks=\toks17
\pgfkeys@temptoks=\toks18

(/usr/share/texmf/tex/generic/pgf/utilities/pgfkeysfiltered.code.tex
\pgfkeys@tmptoks=\toks19
))
\pgf@x=\dimen129
\pgf@y=\dimen130
\pgf@xa=\dimen131
\pgf@ya=\dimen132
\pgf@xb=\dimen133
\pgf@yb=\dimen134
\pgf@xc=\dimen135
\pgf@yc=\dimen136
\w@pgf@writea=\write3
\r@pgf@reada=\read1
\c@pgf@counta=\count106
\c@pgf@countb=\count107
\c@pgf@countc=\count108
\c@pgf@countd=\count109

(/usr/share/texmf/tex/generic/pgf/systemlayer/pgf.cfg
File: pgf.cfg 2008/05/14  (rcs-revision 1.7)
)
Package pgfsys Info: Driver file for pgf: pgfsys-pdftex.def on input line 900.

(/usr/share/texmf/tex/generic/pgf/systemlayer/pgfsys-pdftex.def
File: pgfsys-pdftex.def 2009/05/22  (rcs-revision 1.26)

(/usr/share/texmf/tex/generic/pgf/systemlayer/pgfsys-common-pdf.def
File: pgfsys-common-pdf.def 2008/05/19  (rcs-revision 1.10)
)))
(/usr/share/texmf/tex/generic/pgf/systemlayer/pgfsyssoftpath.code.tex
File: pgfsyssoftpath.code.tex 2008/07/18  (rcs-revision 1.7)
\pgfsyssoftpath@smallbuffer@items=\count110
\pgfsyssoftpath@bigbuffer@items=\count111
)
(/usr/share/texmf/tex/generic/pgf/systemlayer/pgfsysprotocol.code.tex
File: pgfsysprotocol.code.tex 2006/10/16  (rcs-revision 1.4)
))
(/usr/share/texmf/tex/latex/xcolor/xcolor.sty
Package: xcolor 2007/01/21 v2.11 LaTeX color extensions (UK)

(/usr/share/texlive/texmf-dist/tex/latex/latexconfig/color.cfg
File: color.cfg 2007/01/18 v1.5 color configuration of teTeX/TeXLive
)
Package xcolor Info: Driver file: pdftex.def on input line 225.
Package xcolor Info: Model `cmy' substituted by `cmy0' on input line 1337.
Package xcolor Info: Model `hsb' substituted by `rgb' on input line 1341.
Package xcolor Info: Model `RGB' extended on input line 1353.
Package xcolor Info: Model `HTML' substituted by `rgb' on input line 1355.
Package xcolor Info: Model `Hsb' substituted by `hsb' on input line 1356.
Package xcolor Info: Model `tHsb' substituted by `hsb' on input line 1357.
Package xcolor Info: Model `HSB' substituted by `hsb' on input line 1358.
Package xcolor Info: Model `Gray' substituted by `gray' on input line 1359.
Package xcolor Info: Model `wave' substituted by `hsb' on input line 1360.
)
(/usr/share/texmf/tex/generic/pgf/basiclayer/pgfcore.code.tex
Package: pgfcore 2010/04/11 v2.10 (rcs-revision 1.7)

(/usr/share/texmf/tex/generic/pgf/math/pgfmath.code.tex
(/usr/share/texmf/tex/generic/pgf/math/pgfmathcalc.code.tex
(/usr/share/texmf/tex/generic/pgf/math/pgfmathutil.code.tex)
(/usr/share/texmf/tex/generic/pgf/math/pgfmathparser.code.tex
\pgfmath@dimen=\dimen137
\pgfmath@count=\count112
\pgfmath@box=\box35
\pgfmath@toks=\toks20
\pgfmath@stack@operand=\toks21
\pgfmath@stack@operation=\toks22
)
(/usr/share/texmf/tex/generic/pgf/math/pgfmathfunctions.code.tex
(/usr/share/texmf/tex/generic/pgf/math/pgfmathfunctions.basic.code.tex)
(/usr/share/texmf/tex/generic/pgf/math/pgfmathfunctions.trigonometric.code.tex)
(/usr/share/texmf/tex/generic/pgf/math/pgfmathfunctions.random.code.tex)
(/usr/share/texmf/tex/generic/pgf/math/pgfmathfunctions.comparison.code.tex)
(/usr/share/texmf/tex/generic/pgf/math/pgfmathfunctions.base.code.tex)
(/usr/share/texmf/tex/generic/pgf/math/pgfmathfunctions.round.code.tex)
(/usr/share/texmf/tex/generic/pgf/math/pgfmathfunctions.misc.code.tex)))
(/usr/share/texmf/tex/generic/pgf/math/pgfmathfloat.code.tex
\c@pgfmathroundto@lastzeros=\count113
))
(/usr/share/texmf/tex/generic/pgf/basiclayer/pgfcorepoints.code.tex
File: pgfcorepoints.code.tex 2010/04/09  (rcs-revision 1.20)
\pgf@picminx=\dimen138
\pgf@picmaxx=\dimen139
\pgf@picminy=\dimen140
\pgf@picmaxy=\dimen141
\pgf@pathminx=\dimen142
\pgf@pathmaxx=\dimen143
\pgf@pathminy=\dimen144
\pgf@pathmaxy=\dimen145
\pgf@xx=\dimen146
\pgf@xy=\dimen147
\pgf@yx=\dimen148
\pgf@yy=\dimen149
\pgf@zx=\dimen150
\pgf@zy=\dimen151
)
(/usr/share/texmf/tex/generic/pgf/basiclayer/pgfcorepathconstruct.code.tex
File: pgfcorepathconstruct.code.tex 2010/08/03  (rcs-revision 1.24)
\pgf@path@lastx=\dimen152
\pgf@path@lasty=\dimen153
)
(/usr/share/texmf/tex/generic/pgf/basiclayer/pgfcorepathusage.code.tex
File: pgfcorepathusage.code.tex 2008/04/22  (rcs-revision 1.12)
\pgf@shorten@end@additional=\dimen154
\pgf@shorten@start@additional=\dimen155
)
(/usr/share/texmf/tex/generic/pgf/basiclayer/pgfcorescopes.code.tex
File: pgfcorescopes.code.tex 2010/09/08  (rcs-revision 1.34)
\pgfpic=\box36
\pgf@hbox=\box37
\pgf@layerbox@main=\box38
\pgf@picture@serial@count=\count114
)
(/usr/share/texmf/tex/generic/pgf/basiclayer/pgfcoregraphicstate.code.tex
File: pgfcoregraphicstate.code.tex 2008/04/22  (rcs-revision 1.9)
\pgflinewidth=\dimen156
)
(/usr/share/texmf/tex/generic/pgf/basiclayer/pgfcoretransformations.code.tex
File: pgfcoretransformations.code.tex 2009/06/10  (rcs-revision 1.11)
\pgf@pt@x=\dimen157
\pgf@pt@y=\dimen158
\pgf@pt@temp=\dimen159
)
(/usr/share/texmf/tex/generic/pgf/basiclayer/pgfcorequick.code.tex
File: pgfcorequick.code.tex 2008/10/09  (rcs-revision 1.3)
)
(/usr/share/texmf/tex/generic/pgf/basiclayer/pgfcoreobjects.code.tex
File: pgfcoreobjects.code.tex 2006/10/11  (rcs-revision 1.2)
)
(/usr/share/texmf/tex/generic/pgf/basiclayer/pgfcorepathprocessing.code.tex
File: pgfcorepathprocessing.code.tex 2008/10/09  (rcs-revision 1.8)
)
(/usr/share/texmf/tex/generic/pgf/basiclayer/pgfcorearrows.code.tex
File: pgfcorearrows.code.tex 2008/04/23  (rcs-revision 1.11)
)
(/usr/share/texmf/tex/generic/pgf/basiclayer/pgfcoreshade.code.tex
File: pgfcoreshade.code.tex 2008/11/23  (rcs-revision 1.13)
\pgf@max=\dimen160
\pgf@sys@shading@range@num=\count115
)
(/usr/share/texmf/tex/generic/pgf/basiclayer/pgfcoreimage.code.tex
File: pgfcoreimage.code.tex 2010/03/25  (rcs-revision 1.16)

(/usr/share/texmf/tex/generic/pgf/basiclayer/pgfcoreexternal.code.tex
File: pgfcoreexternal.code.tex 2010/09/01  (rcs-revision 1.17)
\pgfexternal@startupbox=\box39
))
(/usr/share/texmf/tex/generic/pgf/basiclayer/pgfcorelayers.code.tex
File: pgfcorelayers.code.tex 2010/08/27  (rcs-revision 1.2)
)
(/usr/share/texmf/tex/generic/pgf/basiclayer/pgfcoretransparency.code.tex
File: pgfcoretransparency.code.tex 2008/01/17  (rcs-revision 1.2)
)
(/usr/share/texmf/tex/generic/pgf/basiclayer/pgfcorepatterns.code.tex
File: pgfcorepatterns.code.tex 2009/07/02  (rcs-revision 1.3)
)))
(/usr/share/texmf/tex/latex/pgf/utilities/xxcolor.sty
Package: xxcolor 2003/10/24 ver 0.1
\XC@nummixins=\count116
\XC@countmixins=\count117
)
(/usr/share/texlive/texmf-dist/tex/latex/hyperref/hyperref.sty
Package: hyperref 2012/05/13 v6.82q Hypertext links for LaTeX

(/usr/share/texlive/texmf-dist/tex/generic/oberdiek/hobsub-hyperref.sty
Package: hobsub-hyperref 2012/05/28 v1.13 Bundle oberdiek, subset hyperref (HO)


(/usr/share/texlive/texmf-dist/tex/generic/oberdiek/hobsub-generic.sty
Package: hobsub-generic 2012/05/28 v1.13 Bundle oberdiek, subset generic (HO)
Package: hobsub 2012/05/28 v1.13 Construct package bundles (HO)
Package hobsub Info: Skipping package `infwarerr' (already loaded).
Package hobsub Info: Skipping package `ltxcmds' (already loaded).
Package: ifluatex 2010/03/01 v1.3 Provides the ifluatex switch (HO)
Package ifluatex Info: LuaTeX not detected.
Package hobsub Info: Skipping package `ifvtex' (already loaded).
Package: intcalc 2007/09/27 v1.1 Expandable calculations with integers (HO)
Package hobsub Info: Skipping package `ifpdf' (already loaded).
Package: etexcmds 2011/02/16 v1.5 Avoid name clashes with e-TeX commands (HO)
Package etexcmds Info: Could not find \expanded.
(etexcmds)             That can mean that you are not using pdfTeX 1.50 or
(etexcmds)             that some package has redefined \expanded.
(etexcmds)             In the latter case, load this package earlier.
Package: kvsetkeys 2012/04/25 v1.16 Key value parser (HO)
Package: kvdefinekeys 2011/04/07 v1.3 Define keys (HO)
Package: pdftexcmds 2011/11/29 v0.20 Utility functions of pdfTeX for LuaTeX (HO
)
Package pdftexcmds Info: LuaTeX not detected.
Package pdftexcmds Info: \pdf@primitive is available.
Package pdftexcmds Info: \pdf@ifprimitive is available.
Package pdftexcmds Info: \pdfdraftmode found.
Package: pdfescape 2011/11/25 v1.13 Implements pdfTeX's escape features (HO)
Package: bigintcalc 2012/04/08 v1.3 Expandable calculations on big integers (HO
)
Package: bitset 2011/01/30 v1.1 Handle bit-vector datatype (HO)
Package: uniquecounter 2011/01/30 v1.2 Provide unlimited unique counter (HO)
)
Package hobsub Info: Skipping package `hobsub' (already loaded).
Package: letltxmacro 2010/09/02 v1.4 Let assignment for LaTeX macros (HO)
Package: hopatch 2012/05/28 v1.2 Wrapper for package hooks (HO)
Package: xcolor-patch 2011/01/30 xcolor patch
Package: atveryend 2011/06/30 v1.8 Hooks at the very end of document (HO)
Package atveryend Info: \enddocument detected (standard20110627).
Package: atbegshi 2011/10/05 v1.16 At begin shipout hook (HO)
Package: refcount 2011/10/16 v3.4 Data extraction from label references (HO)
Package: hycolor 2011/01/30 v1.7 Color options for hyperref/bookmark (HO)
)
(/usr/share/texlive/texmf-dist/tex/latex/oberdiek/kvoptions.sty
Package: kvoptions 2011/06/30 v3.11 Key value format for package options (HO)
)
\@linkdim=\dimen161
\Hy@linkcounter=\count118
\Hy@pagecounter=\count119

(/usr/share/texlive/texmf-dist/tex/latex/hyperref/pd1enc.def
File: pd1enc.def 2012/05/13 v6.82q Hyperref: PDFDocEncoding definition (HO)
)
\Hy@SavedSpaceFactor=\count120

(/usr/share/texlive/texmf-dist/tex/latex/latexconfig/hyperref.cfg
File: hyperref.cfg 2002/06/06 v1.2 hyperref configuration of TeXLive
)
Package hyperref Info: Option `bookmarks' set `true' on input line 3941.
Package hyperref Info: Option `bookmarksopen' set `true' on input line 3941.
Package hyperref Info: Option `pdfpagelabels' set `true' on input line 3941.
Package hyperref Info: Option `implicit' set `false' on input line 3941.
Package hyperref Info: Hyper figures OFF on input line 4062.
Package hyperref Info: Link nesting OFF on input line 4067.
Package hyperref Info: Hyper index ON on input line 4070.
Package hyperref Info: Plain pages OFF on input line 4077.
Package hyperref Info: Backreferencing OFF on input line 4082.
Package hyperref Info: Implicit mode OFF; no redefinition of LaTeX internals.
Package hyperref Info: Bookmarks ON on input line 4300.
\c@Hy@tempcnt=\count121

(/usr/share/texlive/texmf-dist/tex/latex/url/url.sty
\Urlmuskip=\muskip10
Package: url 2006/04/12  ver 3.3  Verb mode for urls, etc.
)
LaTeX Info: Redefining \url on input line 4653.
\Fld@menulength=\count122
\Field@Width=\dimen162
\Fld@charsize=\dimen163
Package hyperref Info: Hyper figures OFF on input line 5773.
Package hyperref Info: Link nesting OFF on input line 5778.
Package hyperref Info: Hyper index ON on input line 5781.
Package hyperref Info: backreferencing OFF on input line 5788.
Package hyperref Info: Link coloring OFF on input line 5793.
Package hyperref Info: Link coloring with OCG OFF on input line 5798.
Package hyperref Info: PDF/A mode OFF on input line 5803.
LaTeX Info: Redefining \ref on input line 5843.
LaTeX Info: Redefining \pageref on input line 5847.
\Hy@abspage=\count123


Package hyperref Message: Stopped early.

)

Package hyperref Message: Driver (autodetected): hpdftex.

(/usr/share/texlive/texmf-dist/tex/latex/hyperref/hpdftex.def
File: hpdftex.def 2012/05/13 v6.82q Hyperref driver for pdfTeX
\Fld@listcount=\count124
\c@bookmark@seq@number=\count125

(/usr/share/texlive/texmf-dist/tex/latex/oberdiek/rerunfilecheck.sty
Package: rerunfilecheck 2011/04/15 v1.7 Rerun checks for auxiliary files (HO)
Package uniquecounter Info: New unique counter `rerunfilecheck' on input line 2
82.
))
(/usr/share/texmf/tex/latex/beamer/base/beamerbaserequires.sty
Package: beamerbaserequires 2010/05/01  (rcs-revision efa082c6111d)

(/usr/share/texmf/tex/latex/beamer/base/beamerbasecompatibility.sty
Package: beamerbasecompatibility 2010/07/12  (rcs-revision 6648c3177e4e)
)
(/usr/share/texmf/tex/latex/beamer/base/beamerbasefont.sty
Package: beamerbasefont 2010/05/10  (rcs-revision cd36e8a33c6b)

(/usr/share/texlive/texmf-dist/tex/latex/amsfonts/amssymb.sty
Package: amssymb 2009/06/22 v3.00

(/usr/share/texlive/texmf-dist/tex/latex/amsfonts/amsfonts.sty
Package: amsfonts 2009/06/22 v3.00 Basic AMSFonts support
\@emptytoks=\toks23
\symAMSa=\mathgroup4
\symAMSb=\mathgroup5
LaTeX Font Info:    Overwriting math alphabet `\mathfrak' in version `bold'
(Font)                  U/euf/m/n --> U/euf/b/n on input line 96.
)))
(/usr/share/texmf/tex/latex/beamer/base/beamerbasetranslator.sty
Package: beamerbasetranslator 2010/06/11  (rcs-revision 85fd1cc7fc42)

(/usr/share/texmf/tex/latex/beamer/base/translator/translator.sty
Package: translator 2010/06/12 ver 1.10

(/usr/share/texmf/tex/latex/beamer/base/translator/translator-language-mappings
.tex))) (/usr/share/texmf/tex/latex/beamer/base/beamerbasemisc.sty
Package: beamerbasemisc 2010/06/06  (rcs-revision bff0a9294b45)
)
(/usr/share/texmf/tex/latex/beamer/base/beamerbasetwoscreens.sty
Package: beamerbasetwoscreens 2010/05/01  (rcs-revision efa082c6111d)
)
(/usr/share/texmf/tex/latex/beamer/base/beamerbaseoverlay.sty
Package: beamerbaseoverlay 2010/05/07  (rcs-revision 5584dad462a9)
\beamer@argscount=\count126
\beamer@lastskipcover=\skip44
\beamer@trivlistdepth=\count127
)
(/usr/share/texmf/tex/latex/beamer/base/beamerbasetitle.sty
Package: beamerbasetitle 2010/06/12  (rcs-revision 717e481ca47a)
)
(/usr/share/texmf/tex/latex/beamer/base/beamerbasesection.sty
Package: beamerbasesection 2010/06/17  (rcs-revision e0d9401bb743)
\c@lecture=\count128
\c@part=\count129
\c@section=\count130
\c@subsection=\count131
\c@subsubsection=\count132
)
(/usr/share/texmf/tex/latex/beamer/base/beamerbaseframe.sty
Package: beamerbaseframe 2010/06/06  (rcs-revision bff0a9294b45)
\beamer@framebox=\box40
\beamer@frametitlebox=\box41
\beamer@zoombox=\box42
\beamer@zoomcount=\count133
\beamer@zoomframecount=\count134
\beamer@frametextheight=\dimen164
\c@subsectionslide=\count135
\beamer@frametopskip=\skip45
\beamer@framebottomskip=\skip46
\beamer@frametopskipautobreak=\skip47
\beamer@framebottomskipautobreak=\skip48
\beamer@envbody=\toks24
\c@framenumber=\count136
)
(/usr/share/texmf/tex/latex/beamer/base/beamerbaseverbatim.sty
Package: beamerbaseverbatim 2010/05/01  (rcs-revision efa082c6111d)
\beamer@verbatimfileout=\write4
)
(/usr/share/texmf/tex/latex/beamer/base/beamerbaseframesize.sty
Package: beamerbaseframesize 2010/06/27  (rcs-revision 6baa2d92e6f1)
\beamer@splitbox=\box43
\beamer@autobreakcount=\count137
\beamer@autobreaklastheight=\dimen165
\beamer@frametitletoks=\toks25
\beamer@framesubtitletoks=\toks26
)
(/usr/share/texmf/tex/latex/beamer/base/beamerbaseframecomponents.sty
Package: beamerbaseframecomponents 2010/07/12  (rcs-revision 09e82992d9b1)
\beamer@footins=\box44
)
(/usr/share/texmf/tex/latex/beamer/base/beamerbasecolor.sty
Package: beamerbasecolor 2010/06/06  (rcs-revision d1a9b48be06d)
)
(/usr/share/texmf/tex/latex/beamer/base/beamerbasenotes.sty
Package: beamerbasenotes 2010/05/01  (rcs-revision efa082c6111d)
\beamer@frameboxcopy=\box45
)
(/usr/share/texmf/tex/latex/beamer/base/beamerbasetoc.sty
Package: beamerbasetoc 2010/06/11  (rcs-revision 242ecaa6783b)
)
(/usr/share/texmf/tex/latex/beamer/base/beamerbasetemplates.sty
Package: beamerbasetemplates 2010/05/01  (rcs-revision efa082c6111d)
\beamer@sbttoks=\toks27

(/usr/share/texmf/tex/latex/beamer/base/beamerbaseauxtemplates.sty
Package: beamerbaseauxtemplates 2010/05/01  (rcs-revision efa082c6111d)

(/usr/share/texmf/tex/latex/beamer/base/beamerbaseboxes.sty
Package: beamerbaseboxes 2010/05/01  (rcs-revision efa082c6111d)
\bmb@box=\box46
\bmb@colorbox=\box47
\bmb@boxshadow=\box48
\bmb@boxshadowball=\box49
\bmb@boxshadowballlarge=\box50
\bmb@temp=\dimen166
\bmb@dima=\dimen167
\bmb@dimb=\dimen168
\bmb@prevheight=\dimen169
)
\beamer@blockheadheight=\dimen170
))
(/usr/share/texmf/tex/latex/beamer/base/beamerbaselocalstructure.sty
Package: beamerbaselocalstructure 2010/06/01  (rcs-revision 81f9e33f7cc2)

(/usr/share/texlive/texmf-dist/tex/latex/tools/enumerate.sty
Package: enumerate 1999/03/05 v3.00 enumerate extensions (DPC)
\@enLab=\toks28
)
\c@figure=\count138
\c@table=\count139
\abovecaptionskip=\skip49
\belowcaptionskip=\skip50
)
(/usr/share/texmf/tex/latex/beamer/base/beamerbasenavigation.sty
Package: beamerbasenavigation 2010/05/01  (rcs-revision efa082c6111d)
)
(/usr/share/texmf/tex/latex/beamer/base/beamerbasetheorems.sty
Package: beamerbasetheorems 2010/06/06  (rcs-revision 7e7cc5e53e9d)

(/usr/share/texlive/texmf-dist/tex/latex/amsmath/amsmath.sty
Package: amsmath 2000/07/18 v2.13 AMS math features
\@mathmargin=\skip51

For additional information on amsmath, use the `?' option.
(/usr/share/texlive/texmf-dist/tex/latex/amsmath/amstext.sty
Package: amstext 2000/06/29 v2.01

(/usr/share/texlive/texmf-dist/tex/latex/amsmath/amsgen.sty
File: amsgen.sty 1999/11/30 v2.0
\@emptytoks=\toks29
\ex@=\dimen171
))
(/usr/share/texlive/texmf-dist/tex/latex/amsmath/amsbsy.sty
Package: amsbsy 1999/11/29 v1.2d
\pmbraise@=\dimen172
)
(/usr/share/texlive/texmf-dist/tex/latex/amsmath/amsopn.sty
Package: amsopn 1999/12/14 v2.01 operator names
)
\inf@bad=\count140
LaTeX Info: Redefining \frac on input line 211.
\uproot@=\count141
\leftroot@=\count142
LaTeX Info: Redefining \overline on input line 307.
\classnum@=\count143
\DOTSCASE@=\count144
LaTeX Info: Redefining \ldots on input line 379.
LaTeX Info: Redefining \dots on input line 382.
LaTeX Info: Redefining \cdots on input line 467.
\Mathstrutbox@=\box51
\strutbox@=\box52
\big@size=\dimen173
LaTeX Font Info:    Redeclaring font encoding OML on input line 567.
LaTeX Font Info:    Redeclaring font encoding OMS on input line 568.
\macc@depth=\count145
\c@MaxMatrixCols=\count146
\dotsspace@=\muskip11
\c@parentequation=\count147
\dspbrk@lvl=\count148
\tag@help=\toks30
\row@=\count149
\column@=\count150
\maxfields@=\count151
\andhelp@=\toks31
\eqnshift@=\dimen174
\alignsep@=\dimen175
\tagshift@=\dimen176
\tagwidth@=\dimen177
\totwidth@=\dimen178
\lineht@=\dimen179
\@envbody=\toks32
\multlinegap=\skip52
\multlinetaggap=\skip53
\mathdisplay@stack=\toks33
LaTeX Info: Redefining \[ on input line 2666.
LaTeX Info: Redefining \] on input line 2667.
)
(/usr/share/texlive/texmf-dist/tex/latex/amscls/amsthm.sty
Package: amsthm 2009/07/02 v2.20.1
\thm@style=\toks34
\thm@bodyfont=\toks35
\thm@headfont=\toks36
\thm@notefont=\toks37
\thm@headpunct=\toks38
\thm@preskip=\skip54
\thm@postskip=\skip55
\thm@headsep=\skip56
\dth@everypar=\toks39
)
\c@theorem=\count152
)
(/usr/share/texmf/tex/latex/beamer/base/beamerbasethemes.sty
Package: beamerbasethemes 2010/05/01  (rcs-revision efa082c6111d)
))
(/usr/share/texmf/tex/latex/beamer/base/themes/theme/beamerthemedefault.sty
Package: beamerthemedefault 2010/06/17  (rcs-revision d02a7cf4d8ae)

(/usr/share/texmf/tex/latex/beamer/base/themes/font/beamerfontthemedefault.sty
Package: beamerfontthemedefault 2010/06/17  (rcs-revision d02a7cf4d8ae)
)
(/usr/share/texmf/tex/latex/beamer/base/themes/color/beamercolorthemedefault.st
y
Package: beamercolorthemedefault 2010/06/17  (rcs-revision d02a7cf4d8ae)
)
(/usr/share/texmf/tex/latex/beamer/base/themes/inner/beamerinnerthemedefault.st
y
Package: beamerinnerthemedefault 2010/06/17  (rcs-revision d02a7cf4d8ae)
\beamer@dima=\dimen180
\beamer@dimb=\dimen181
)
(/usr/share/texmf/tex/latex/beamer/base/themes/outer/beamerouterthemedefault.st
y
Package: beamerouterthemedefault 2010/06/17  (rcs-revision d02a7cf4d8ae)
))) (/usr/share/texmf/tex/latex/lm/lmodern.sty
Package: lmodern 2009/10/30 v1.6 Latin Modern Fonts
LaTeX Font Info:    Overwriting symbol font `operators' in version `normal'
(Font)                  OT1/cmr/m/n --> OT1/lmr/m/n on input line 22.
LaTeX Font Info:    Overwriting symbol font `letters' in version `normal'
(Font)                  OML/cmm/m/it --> OML/lmm/m/it on input line 23.
LaTeX Font Info:    Overwriting symbol font `symbols' in version `normal'
(Font)                  OMS/cmsy/m/n --> OMS/lmsy/m/n on input line 24.
LaTeX Font Info:    Overwriting symbol font `largesymbols' in version `normal'
(Font)                  OMX/cmex/m/n --> OMX/lmex/m/n on input line 25.
LaTeX Font Info:    Overwriting symbol font `operators' in version `bold'
(Font)                  OT1/cmr/bx/n --> OT1/lmr/bx/n on input line 26.
LaTeX Font Info:    Overwriting symbol font `letters' in version `bold'
(Font)                  OML/cmm/b/it --> OML/lmm/b/it on input line 27.
LaTeX Font Info:    Overwriting symbol font `symbols' in version `bold'
(Font)                  OMS/cmsy/b/n --> OMS/lmsy/b/n on input line 28.
LaTeX Font Info:    Overwriting symbol font `largesymbols' in version `bold'
(Font)                  OMX/cmex/m/n --> OMX/lmex/m/n on input line 29.
LaTeX Font Info:    Overwriting math alphabet `\mathbf' in version `normal'
(Font)                  OT1/cmr/bx/n --> OT1/lmr/bx/n on input line 31.
LaTeX Font Info:    Overwriting math alphabet `\mathsf' in version `normal'
(Font)                  OT1/cmss/m/n --> OT1/lmss/m/n on input line 32.
LaTeX Font Info:    Overwriting math alphabet `\mathit' in version `normal'
(Font)                  OT1/cmr/m/it --> OT1/lmr/m/it on input line 33.
LaTeX Font Info:    Overwriting math alphabet `\mathtt' in version `normal'
(Font)                  OT1/cmtt/m/n --> OT1/lmtt/m/n on input line 34.
LaTeX Font Info:    Overwriting math alphabet `\mathbf' in version `bold'
(Font)                  OT1/cmr/bx/n --> OT1/lmr/bx/n on input line 35.
LaTeX Font Info:    Overwriting math alphabet `\mathsf' in version `bold'
(Font)                  OT1/cmss/bx/n --> OT1/lmss/bx/n on input line 36.
LaTeX Font Info:    Overwriting math alphabet `\mathit' in version `bold'
(Font)                  OT1/cmr/bx/it --> OT1/lmr/bx/it on input line 37.
LaTeX Font Info:    Overwriting math alphabet `\mathtt' in version `bold'
(Font)                  OT1/cmtt/m/n --> OT1/lmtt/m/n on input line 38.
)
(/usr/share/texmf/tex/latex/beamer/base/themes/theme/compatibility/beamerthemes
hadow.sty
Package: beamerthemeshadow 2010/06/17  (rcs-revision d02a7cf4d8ae)

(/usr/share/texmf/tex/latex/beamer/base/themes/inner/beamerinnerthemerounded.st
y
Package: beamerinnerthemerounded 2010/06/17  (rcs-revision d02a7cf4d8ae)
)
(/usr/share/texmf/tex/latex/beamer/base/themes/color/beamercolorthemeorchid.sty
Package: beamercolorthemeorchid 2010/06/17  (rcs-revision d02a7cf4d8ae)
)
(/usr/share/texmf/tex/latex/beamer/base/themes/color/beamercolorthemewhale.sty
Package: beamercolorthemewhale 2010/06/17  (rcs-revision d02a7cf4d8ae)
)
(/usr/share/texmf/tex/latex/beamer/base/themes/outer/beamerouterthemeshadow.sty
Package: beamerouterthemeshadow 2010/06/17  (rcs-revision d02a7cf4d8ae)
(/usr/share/texmf/tex/latex/beamer/base/themes/outer/beamerouterthemesplit.sty
Package: beamerouterthemesplit 2010/06/17  (rcs-revision d02a7cf4d8ae)
))
(/usr/share/texmf/tex/latex/beamer/base/themes/font/beamerfontthemestructurebol
d.sty
Package: beamerfontthemestructurebold 2010/06/17  (rcs-revision d02a7cf4d8ae)
)) (/usr/share/texlive/texmf-dist/tex/latex/listings/listings.sty
\lst@mode=\count153
\lst@gtempboxa=\box53
\lst@token=\toks40
\lst@length=\count154
\lst@currlwidth=\dimen182
\lst@column=\count155
\lst@pos=\count156
\lst@lostspace=\dimen183
\lst@width=\dimen184
\lst@newlines=\count157
\lst@lineno=\count158
\lst@maxwidth=\dimen185

(/usr/share/texlive/texmf-dist/tex/latex/listings/lstmisc.sty
File: lstmisc.sty 2007/02/22 1.4 (Carsten Heinz)
\c@lstnumber=\count159
\lst@skipnumbers=\count160
\lst@framebox=\box54
)
(/usr/share/texlive/texmf-dist/tex/latex/listings/listings.cfg
File: listings.cfg 2007/02/22 1.4 listings configuration
))
Package: listings 2007/02/22 1.4 (Carsten Heinz)
Package hyperref Info: Option `colorlinks' set `true' on input line 23.
Package hyperref Info: Option `bookmarksopen' set `true' on input line 23.


Package hyperref Warning: Option `pdftex' has already been used,
(hyperref)                setting the option has no effect on input line 23.

(./cloud6.aux (./fdl-1.3.aux))
\openout1 = `cloud6.aux'.

LaTeX Font Info:    Checking defaults for OML/cmm/m/it on input line 28.
LaTeX Font Info:    ... okay on input line 28.
LaTeX Font Info:    Checking defaults for T1/cmr/m/n on input line 28.
LaTeX Font Info:    ... okay on input line 28.
LaTeX Font Info:    Checking defaults for OT1/cmr/m/n on input line 28.
LaTeX Font Info:    ... okay on input line 28.
LaTeX Font Info:    Checking defaults for OMS/cmsy/m/n on input line 28.
LaTeX Font Info:    ... okay on input line 28.
LaTeX Font Info:    Checking defaults for OMX/cmex/m/n on input line 28.
LaTeX Font Info:    ... okay on input line 28.
LaTeX Font Info:    Checking defaults for U/cmr/m/n on input line 28.
LaTeX Font Info:    ... okay on input line 28.
LaTeX Font Info:    Checking defaults for PD1/pdf/m/n on input line 28.
LaTeX Font Info:    ... okay on input line 28.
LaTeX Font Info:    Try loading font information for OT1+lmss on input line 28.

 (/usr/share/texmf/tex/latex/lm/ot1lmss.fd
File: ot1lmss.fd 2009/10/30 v1.6 Font defs for Latin Modern
)
*geometry* driver: auto-detecting
*geometry* detected driver: pdftex
*geometry* verbose mode - [ preamble ] result:
* driver: pdftex
* paper: custom
* layout: <same size as paper>
* layoutoffset:(h,v)=(0.0pt,0.0pt)
* modes: includehead includefoot 
* h-part:(L,W,R)=(28.45274pt, 307.28987pt, 28.45274pt)
* v-part:(T,H,B)=(0.0pt, 273.14662pt, 0.0pt)
* \paperwidth=364.19536pt
* \paperheight=273.14662pt
* \textwidth=307.28987pt
* \textheight=244.6939pt
* \oddsidemargin=-43.81725pt
* \evensidemargin=-43.81725pt
* \topmargin=-72.26999pt
* \headheight=14.22636pt
* \headsep=0.0pt
* \topskip=11.0pt
* \footskip=14.22636pt
* \marginparwidth=4.0pt
* \marginparsep=10.0pt
* \columnsep=10.0pt
* \skip\footins=10.0pt plus 4.0pt minus 2.0pt
* \hoffset=0.0pt
* \voffset=0.0pt
* \mag=1000
* \@twocolumnfalse
* \@twosidefalse
* \@mparswitchfalse
* \@reversemarginfalse
* (1in=72.27pt=25.4mm, 1cm=28.453pt)

(/usr/share/texlive/texmf-dist/tex/context/base/supp-pdf.mkii
[Loading MPS to PDF converter (version 2006.09.02).]
\scratchcounter=\count161
\scratchdimen=\dimen186
\scratchbox=\box55
\nofMPsegments=\count162
\nofMParguments=\count163
\everyMPshowfont=\toks41
\MPscratchCnt=\count164
\MPscratchDim=\dimen187
\MPnumerator=\count165
\makeMPintoPDFobject=\count166
\everyMPtoPDFconversion=\toks42
) (/usr/share/texlive/texmf-dist/tex/latex/oberdiek/epstopdf-base.sty
Package: epstopdf-base 2010/02/09 v2.5 Base part for package epstopdf

(/usr/share/texlive/texmf-dist/tex/latex/oberdiek/grfext.sty
Package: grfext 2010/08/19 v1.1 Manage graphics extensions (HO)
)
Package grfext Info: Graphics extension search list:
(grfext)             [.png,.pdf,.jpg,.mps,.jpeg,.jbig2,.jb2,.PNG,.PDF,.JPG,.JPE
G,.JBIG2,.JB2,.eps]
(grfext)             \AppendGraphicsExtensions on input line 452.

(/usr/share/texlive/texmf-dist/tex/latex/latexconfig/epstopdf-sys.cfg
File: epstopdf-sys.cfg 2010/07/13 v1.3 Configuration of (r)epstopdf for TeX Liv
e
))
ABD: EveryShipout initializing macros
\AtBeginShipoutBox=\box56
Package hyperref Info: Link coloring ON on input line 28.

(/usr/share/texlive/texmf-dist/tex/latex/hyperref/nameref.sty
Package: nameref 2010/04/30 v2.40 Cross-referencing by name of section

(/usr/share/texlive/texmf-dist/tex/generic/oberdiek/gettitlestring.sty
Package: gettitlestring 2010/12/03 v1.4 Cleanup title references (HO)
)
\c@section@level=\count167
)
LaTeX Info: Redefining \ref on input line 28.
LaTeX Info: Redefining \pageref on input line 28.
LaTeX Info: Redefining \nameref on input line 28.

(./cloud6.out) (./cloud6.out)
\@outlinefile=\write5
\openout5 = `cloud6.out'.

LaTeX Font Info:    Overwriting symbol font `operators' in version `normal'
(Font)                  OT1/lmr/m/n --> OT1/cmss/m/n on input line 28.
LaTeX Font Info:    Overwriting symbol font `operators' in version `bold'
(Font)                  OT1/lmr/bx/n --> OT1/cmss/bx/n on input line 28.
\symnumbers=\mathgroup6
\sympureletters=\mathgroup7
LaTeX Font Info:    Overwriting math alphabet `\mathrm' in version `normal'
(Font)                  OT1/cmss/m/n --> OT1/lmr/m/n on input line 28.
LaTeX Font Info:    Redeclaring math alphabet \mathbf on input line 28.
LaTeX Font Info:    Overwriting math alphabet `\mathbf' in version `normal'
(Font)                  OT1/lmr/bx/n --> OT1/lmss/bx/n on input line 28.
LaTeX Font Info:    Overwriting math alphabet `\mathbf' in version `bold'
(Font)                  OT1/lmr/bx/n --> OT1/lmss/bx/n on input line 28.
LaTeX Font Info:    Redeclaring math alphabet \mathsf on input line 28.
LaTeX Font Info:    Overwriting math alphabet `\mathsf' in version `normal'
(Font)                  OT1/lmss/m/n --> OT1/lmss/m/n on input line 28.
LaTeX Font Info:    Overwriting math alphabet `\mathsf' in version `bold'
(Font)                  OT1/lmss/bx/n --> OT1/lmss/m/n on input line 28.
LaTeX Font Info:    Redeclaring math alphabet \mathit on input line 28.
LaTeX Font Info:    Overwriting math alphabet `\mathit' in version `normal'
(Font)                  OT1/lmr/m/it --> OT1/lmss/m/it on input line 28.
LaTeX Font Info:    Overwriting math alphabet `\mathit' in version `bold'
(Font)                  OT1/lmr/bx/it --> OT1/lmss/m/it on input line 28.
LaTeX Font Info:    Redeclaring math alphabet \mathtt on input line 28.
LaTeX Font Info:    Overwriting math alphabet `\mathtt' in version `normal'
(Font)                  OT1/lmtt/m/n --> OT1/lmtt/m/n on input line 28.
LaTeX Font Info:    Overwriting math alphabet `\mathtt' in version `bold'
(Font)                  OT1/lmtt/m/n --> OT1/lmtt/m/n on input line 28.
LaTeX Font Info:    Overwriting symbol font `numbers' in version `bold'
(Font)                  OT1/lmss/m/n --> OT1/lmss/bx/n on input line 28.
LaTeX Font Info:    Overwriting symbol font `pureletters' in version `bold'
(Font)                  OT1/lmss/m/it --> OT1/lmss/bx/it on input line 28.
LaTeX Font Info:    Overwriting math alphabet `\mathrm' in version `bold'
(Font)                  OT1/cmss/bx/n --> OT1/lmr/bx/n on input line 28.
LaTeX Font Info:    Overwriting math alphabet `\mathbf' in version `bold'
(Font)                  OT1/lmss/bx/n --> OT1/lmss/bx/n on input line 28.
LaTeX Font Info:    Overwriting math alphabet `\mathsf' in version `bold'
(Font)                  OT1/lmss/m/n --> OT1/lmss/bx/n on input line 28.
LaTeX Font Info:    Overwriting math alphabet `\mathit' in version `bold'
(Font)                  OT1/lmss/m/it --> OT1/lmss/bx/it on input line 28.
LaTeX Font Info:    Overwriting math alphabet `\mathtt' in version `bold'
(Font)                  OT1/lmtt/m/n --> OT1/lmtt/bx/n on input line 28.

(/usr/share/texmf/tex/latex/beamer/base/translator/dicts/translator-basic-dicti
onary/translator-basic-dictionary-English.dict
Dictionary: translator-basic-dictionary, Language: English 
)
(/usr/share/texmf/tex/latex/beamer/base/translator/dicts/translator-bibliograph
y-dictionary/translator-bibliography-dictionary-English.dict
Dictionary: translator-bibliography-dictionary, Language: English 
)
(/usr/share/texmf/tex/latex/beamer/base/translator/dicts/translator-environment
-dictionary/translator-environment-dictionary-English.dict
Dictionary: translator-environment-dictionary, Language: English 
)
(/usr/share/texmf/tex/latex/beamer/base/translator/dicts/translator-months-dict
ionary/translator-months-dictionary-English.dict
Dictionary: translator-months-dictionary, Language: English 
)
(/usr/share/texmf/tex/latex/beamer/base/translator/dicts/translator-numbers-dic
tionary/translator-numbers-dictionary-English.dict
Dictionary: translator-numbers-dictionary, Language: English 
)
(/usr/share/texmf/tex/latex/beamer/base/translator/dicts/translator-theorem-dic
tionary/translator-theorem-dictionary-English.dict
Dictionary: translator-theorem-dictionary, Language: English 
)
\c@lstlisting=\count168
 (./cloud6.nav)
<spatialite.png, id=95, 695.59875pt x 615.29875pt>
File: spatialite.png Graphic file (type png)
 <use spatialite.png>
Package pdftex.def Info: spatialite.png used on input line 38.
(pdftex.def)             Requested size: 76.82246pt x 67.94595pt.

[1{/var/lib/texmf/fonts/map/pdftex/updmap/pdftex.map}

 <./spatialite.png>]
(./cloud6.toc)
Overfull \vbox (152.4292pt too high) detected at line 43
 []

[2

]
LaTeX Font Info:    Try loading font information for OML+lmm on input line 61.
 (/usr/share/texmf/tex/latex/lm/omllmm.fd
File: omllmm.fd 2009/10/30 v1.6 Font defs for Latin Modern
)
LaTeX Font Info:    Try loading font information for OMS+lmsy on input line 61.


(/usr/share/texmf/tex/latex/lm/omslmsy.fd
File: omslmsy.fd 2009/10/30 v1.6 Font defs for Latin Modern
)
LaTeX Font Info:    Try loading font information for OMX+lmex on input line 61.


(/usr/share/texmf/tex/latex/lm/omxlmex.fd
File: omxlmex.fd 2009/10/30 v1.6 Font defs for Latin Modern
)
LaTeX Font Info:    External font `lmex10' loaded for size
(Font)              <10.95> on input line 61.
LaTeX Font Info:    External font `lmex10' loaded for size
(Font)              <8> on input line 61.
LaTeX Font Info:    External font `lmex10' loaded for size
(Font)              <6> on input line 61.
LaTeX Font Info:    Try loading font information for U+msa on input line 61.

(/usr/share/texlive/texmf-dist/tex/latex/amsfonts/umsa.fd
File: umsa.fd 2009/06/22 v3.00 AMS symbols A
)
LaTeX Font Info:    Try loading font information for U+msb on input line 61.

(/usr/share/texlive/texmf-dist/tex/latex/amsfonts/umsb.fd
File: umsb.fd 2009/06/22 v3.00 AMS symbols B
)
LaTeX Font Info:    Font shape `OT1/lmss/m/it' in size <10.95> not available
(Font)              Font shape `OT1/lmss/m/sl' tried instead on input line 61.
LaTeX Font Info:    Font shape `OT1/lmss/m/it' in size <8> not available
(Font)              Font shape `OT1/lmss/m/sl' tried instead on input line 61.
LaTeX Font Info:    Font shape `OT1/lmss/m/it' in size <6> not available
(Font)              Font shape `OT1/lmss/m/sl' tried instead on input line 61.

<input1.png, id=169, 385.72012pt x 273.47626pt>
File: input1.png Graphic file (type png)
 <use input1.png>
Package pdftex.def Info: input1.png used on input line 61.
(pdftex.def)             Requested size: 154.28531pt x 109.38857pt.

Overfull \hbox (119.50148pt too wide) detected at line 61
[][][] $[]$[][][][][][][][] $[]$[][][][][][] 
 []

[3

 <./input1.png (PNG copy)>]
File: input1.png Graphic file (type png)
 <use input1.png>
Package pdftex.def Info: input1.png used on input line 61.
(pdftex.def)             Requested size: 154.28531pt x 109.38857pt.

Overfull \hbox (119.50148pt too wide) detected at line 61
[][][] $[]$[][][][][][][][] $[]$[][][][][][] 
 []

[4

]
File: input1.png Graphic file (type png)
 <use input1.png>
Package pdftex.def Info: input1.png used on input line 61.
(pdftex.def)             Requested size: 154.28531pt x 109.38857pt.

Overfull \hbox (119.50148pt too wide) detected at line 61
[][][] $[]$[][][][][][][][] $[]$[][][][][][] 
 []

[5

] [6

] [7

] [8

] [9

] [10

] [11

] [12

]
<dilbert_db.png, id=291, 602.25pt x 219.82124pt>
File: dilbert_db.png Graphic file (type png)
 <use dilbert_db.png>
Package pdftex.def Info: dilbert_db.png used on input line 90.
(pdftex.def)             Requested size: 240.89572pt x 87.92693pt.
 [13

 <./dilbert_db.png>] <informationoverloadcartoon.jpg, id=310, 329.23pt x 271.01
25pt>
File: informationoverloadcartoon.jpg Graphic file (type jpg)

<use informationoverloadcartoon.jpg>
Package pdftex.def Info: informationoverloadcartoon.jpg used on input line 105.

(pdftex.def)             Requested size: 131.68965pt x 108.40306pt.

Overfull \hbox (119.50148pt too wide) detected at line 105
[][][] $[]$[][][][][][][][] $[]$[][][][][][] 
 []

[14

 <./informationoverloadcartoon.jpg>]
File: informationoverloadcartoon.jpg Graphic file (type jpg)
 <use informationoverloadcartoon.jpg>
Package pdftex.def Info: informationoverloadcartoon.jpg used on input line 105.

(pdftex.def)             Requested size: 131.68965pt x 108.40306pt.

Overfull \hbox (119.50148pt too wide) detected at line 105
[][][] $[]$[][][][][][][][] $[]$[][][][][][] 
 []

[15

]
File: informationoverloadcartoon.jpg Graphic file (type jpg)
 <use informationoverloadcartoon.jpg>
Package pdftex.def Info: informationoverloadcartoon.jpg used on input line 105.

(pdftex.def)             Requested size: 131.68965pt x 108.40306pt.

Overfull \hbox (119.50148pt too wide) detected at line 105
[][][] $[]$[][][][][][][][] $[]$[][][][][][] 
 []

[16

] <mayas.jpg, id=359, 636.3775pt x 476.78125pt>
File: mayas.jpg Graphic file (type jpg)
 <use mayas.jpg>
Package pdftex.def Info: mayas.jpg used on input line 115.
(pdftex.def)             Requested size: 254.5465pt x 190.7091pt.

Overfull \vbox (46.68402pt too high) detected at line 115
 []

[17

 <./mayas.jpg>] <Big-Data-on-cloud.jpg, id=376, 401.5pt x 308.15125pt>
File: Big-Data-on-cloud.jpg Graphic file (type jpg)

<use Big-Data-on-cloud.jpg>
Package pdftex.def Info: Big-Data-on-cloud.jpg used on input line 126.
(pdftex.def)             Requested size: 160.59715pt x 123.2583pt.

Overfull \vbox (35.76237pt too high) detected at line 126
 []

[18

 <./Big-Data-on-cloud.jpg>]
Overfull \vbox (23.51248pt too high) detected at line 144
 []

[19

]
Overfull \vbox (23.51248pt too high) detected at line 144
 []

[20

]
Overfull \vbox (23.51248pt too high) detected at line 144
 []

[21

]
Overfull \vbox (23.51248pt too high) detected at line 144
 []

[22

]
Overfull \vbox (23.51248pt too high) detected at line 144
 []

[23

]
Overfull \vbox (23.51248pt too high) detected at line 144
 []

[24

] <table.png, id=491, 632.3625pt x 351.3125pt>
File: table.png Graphic file (type png)
 <use table.png>
Package pdftex.def Info: table.png used on input line 156.
(pdftex.def)             Requested size: 189.7102pt x 105.39455pt.

<350px-Relational_database_terms.png, id=492, 351.3125pt x 164.615pt>
File: 350px-Relational_database_terms.png Graphic file (type png)

<use 350px-Relational_database_terms.png>
Package pdftex.def Info: 350px-Relational_database_terms.png used on input line
 156.
(pdftex.def)             Requested size: 140.5225pt x 65.84482pt.

Overfull \vbox (42.95177pt too high) detected at line 156
 []

[25

 <./table.png> <./350px-Relational_database_terms.png>]
<sample_status_originb.png, id=512, 616.55344pt x 346.29375pt>
File: sample_status_originb.png Graphic file (type png)

<use sample_status_originb.png>
Package pdftex.def Info: sample_status_originb.png used on input line 164.
(pdftex.def)             Requested size: 308.27596pt x 173.14644pt.

Overfull \hbox (0.98608pt too wide) in paragraph at lines 164--164
 [] 
 []


Overfull \vbox (29.12135pt too high) detected at line 164
 []

[26

 <./sample_status_originb.png (PNG copy)>] [27

] [28

] [29

] [30

] [31

] [32

]
[33

]
\openout4 = `cloud6.vrb'.

 (./cloud6.vrb
(/usr/share/texlive/texmf-dist/tex/latex/listings/lstlang1.sty
File: lstlang1.sty 2004/09/05 1.3 listings language file
)
LaTeX Font Info:    Try loading font information for OMS+lmss on input line 4.
LaTeX Font Info:    No file OMSlmss.fd. on input line 4.


LaTeX Font Warning: Font shape `OMS/lmss/m/n' undefined
(Font)              using `OMS/cmsy/m/n' instead
(Font)              for symbol `textasteriskcentered' on input line 4.

) [34

]
\openout4 = `cloud6.vrb'.

 (./cloud6.vrb)
Overfull \vbox (42.87492pt too high) detected at line 235
 []

[35

] [36

] [37

] [38

] [39

] [40

] [41

] [42

] [43

]
<wired.png, id=807, 803.0pt x 602.25pt>
File: wired.png Graphic file (type png)
 <use wired.png>
Package pdftex.def Info: wired.png used on input line 269.
(pdftex.def)             Requested size: 321.1943pt x 240.89572pt.

Overfull \hbox (36.66675pt too wide) in paragraph at lines 269--269
[][]  
 []


Overfull \hbox (119.50148pt too wide) detected at line 269
[][][] $[]$[][][][][][][][] $[]$[][][][][][] 
 []


Overfull \vbox (57.67062pt too high) detected at line 269
 []

[44

 <./wired.png>]
File: wired.png Graphic file (type png)
 <use wired.png>
Package pdftex.def Info: wired.png used on input line 269.
(pdftex.def)             Requested size: 321.1943pt x 240.89572pt.

Overfull \hbox (36.66675pt too wide) in paragraph at lines 269--269
[][]  
 []


Overfull \hbox (119.50148pt too wide) detected at line 269
[][][] $[]$[][][][][][][][] $[]$[][][][][][] 
 []


Overfull \vbox (57.67062pt too high) detected at line 269
 []

[45

] <att_table.png, id=838, 1192.455pt x 705.63625pt>
File: att_table.png Graphic file (type png)
 <use att_table.png>
Package pdftex.def Info: att_table.png used on input line 279.
(pdftex.def)             Requested size: 238.48677pt x 141.12474pt.

Overfull \vbox (2.43715pt too high) detected at line 279
 []

[46

 <./att_table.png>]
File: att_table.png Graphic file (type png)
 <use att_table.png>
Package pdftex.def Info: att_table.png used on input line 279.
(pdftex.def)             Requested size: 238.48677pt x 141.12474pt.

Overfull \vbox (2.43715pt too high) detected at line 279
 []

[47

] [48

] [49

]
Overfull \vbox (7.17499pt too high) detected at line 306
 []

[50

]
Overfull \vbox (7.17499pt too high) detected at line 306
 []

[51

]
Overfull \vbox (37.11249pt too high) detected at line 320
 []

[52

]
Overfull \vbox (37.11249pt too high) detected at line 320
 []

[53

]
Overfull \vbox (37.11249pt too high) detected at line 320
 []

[54

]
Overfull \vbox (37.11249pt too high) detected at line 320
 []

[55

]
Overfull \vbox (37.11249pt too high) detected at line 320
 []

[56

]
Overfull \vbox (37.11249pt too high) detected at line 320
 []

[57

] [58

] [59

] <ices.png, id=1052, 712.16063pt x 432.86719pt>
File: ices.png Graphic file (type png)
 <use ices.png>
Package pdftex.def Info: ices.png used on input line 348.
(pdftex.def)             Requested size: 153.64493pt x 93.38828pt.

Overfull \vbox (28.96591pt too high) detected at line 348
 []

[60

 <./ices.png>]
File: ices.png Graphic file (type png)
 <use ices.png>
Package pdftex.def Info: ices.png used on input line 348.
(pdftex.def)             Requested size: 153.64493pt x 93.38828pt.

Overfull \vbox (28.96591pt too high) detected at line 348
 []

[61

] <coffee_talk.jpg, id=1086, 120.45pt x 120.45pt>
File: coffee_talk.jpg Graphic file (type jpg)
 <use coffee_talk.jpg>
Package pdftex.def Info: coffee_talk.jpg used on input line 357.
(pdftex.def)             Requested size: 153.64493pt x 153.659pt.

[62

 <./coffee_talk.jpg>] <sqlite.png, id=1103, 220.825pt x 101.37875pt>
File: sqlite.png Graphic file (type png)

<use sqlite.png>
Package pdftex.def Info: sqlite.png used on input line 380.
(pdftex.def)             Requested size: 66.248pt x 30.41385pt.
File: spatialite.png Graphic file (type png)
 <use spatialite.png>
Package pdftex.def Info: spatialite.png used on input line 380.
(pdftex.def)             Requested size: 69.56395pt x 61.53348pt.

Overfull \hbox (119.50148pt too wide) detected at line 380
[][][] $[]$[][][][][][][][] $[]$[][][][][][] 
 []

[63

 <./sqlite.png>]
File: sqlite.png Graphic file (type png)
 <use sqlite.png>
Package pdftex.def Info: sqlite.png used on input line 380.
(pdftex.def)             Requested size: 66.248pt x 30.41385pt.
File: spatialite.png Graphic file (type png)
 <use spatialite.png>
Package pdftex.def Info: spatialite.png used on input line 380.
(pdftex.def)             Requested size: 69.56395pt x 61.53348pt.

Overfull \hbox (119.50148pt too wide) detected at line 380
[][][] $[]$[][][][][][][][] $[]$[][][][][][] 
 []

[64

]
File: sqlite.png Graphic file (type png)
 <use sqlite.png>
Package pdftex.def Info: sqlite.png used on input line 380.
(pdftex.def)             Requested size: 66.248pt x 30.41385pt.
File: spatialite.png Graphic file (type png)
 <use spatialite.png>
Package pdftex.def Info: spatialite.png used on input line 380.
(pdftex.def)             Requested size: 69.56395pt x 61.53348pt.

Overfull \hbox (119.50148pt too wide) detected at line 380
[][][] $[]$[][][][][][][][] $[]$[][][][][][] 
 []

[65

]
File: sqlite.png Graphic file (type png)
 <use sqlite.png>
Package pdftex.def Info: sqlite.png used on input line 380.
(pdftex.def)             Requested size: 66.248pt x 30.41385pt.
File: spatialite.png Graphic file (type png)
 <use spatialite.png>
Package pdftex.def Info: spatialite.png used on input line 380.
(pdftex.def)             Requested size: 69.56395pt x 61.53348pt.

Overfull \hbox (119.50148pt too wide) detected at line 380
[][][] $[]$[][][][][][][][] $[]$[][][][][][] 
 []

[66

]
File: sqlite.png Graphic file (type png)
 <use sqlite.png>
Package pdftex.def Info: sqlite.png used on input line 380.
(pdftex.def)             Requested size: 66.248pt x 30.41385pt.
File: spatialite.png Graphic file (type png)
 <use spatialite.png>
Package pdftex.def Info: spatialite.png used on input line 380.
(pdftex.def)             Requested size: 69.56395pt x 61.53348pt.

Overfull \hbox (119.50148pt too wide) detected at line 380
[][][] $[]$[][][][][][][][] $[]$[][][][][][] 
 []

[67

] [68

] [69

] [70

] [71

] [72

] [73

]
<stallman.jpg, id=1283, 622.325pt x 466.74374pt>
File: stallman.jpg Graphic file (type jpg)
 <use stallman.jpg>
Package pdftex.def Info: stallman.jpg used on input line 417.
(pdftex.def)             Requested size: 186.69893pt x 140.0242pt.

Overfull \hbox (119.50148pt too wide) detected at line 417
[][][] $[]$[][][][][][][][] $[]$[][][][][][] 
 []

[74

 <./stallman.jpg>]
File: stallman.jpg Graphic file (type jpg)
 <use stallman.jpg>
Package pdftex.def Info: stallman.jpg used on input line 417.
(pdftex.def)             Requested size: 186.69893pt x 140.0242pt.

Overfull \hbox (119.50148pt too wide) detected at line 417
[][][] $[]$[][][][][][][][] $[]$[][][][][][] 
 []

[75

]
File: stallman.jpg Graphic file (type jpg)
 <use stallman.jpg>
Package pdftex.def Info: stallman.jpg used on input line 417.
(pdftex.def)             Requested size: 186.69893pt x 140.0242pt.

Overfull \hbox (119.50148pt too wide) detected at line 417
[][][] $[]$[][][][][][][][] $[]$[][][][][][] 
 []

[76

]
File: stallman.jpg Graphic file (type jpg)
 <use stallman.jpg>
Package pdftex.def Info: stallman.jpg used on input line 417.
(pdftex.def)             Requested size: 186.69893pt x 140.0242pt.

Overfull \hbox (119.50148pt too wide) detected at line 417
[][][] $[]$[][][][][][][][] $[]$[][][][][][] 
 []

[77

]
File: stallman.jpg Graphic file (type jpg)
 <use stallman.jpg>
Package pdftex.def Info: stallman.jpg used on input line 417.
(pdftex.def)             Requested size: 186.69893pt x 140.0242pt.

Overfull \hbox (119.50148pt too wide) detected at line 417
[][][] $[]$[][][][][][][][] $[]$[][][][][][] 
 []

[78

] [79

] [80

] [81

] <spatialite_gui.png, id=1413, 602.25pt x 338.76563pt>
File: spatialite_gui.png Graphic file (type png)

<use spatialite_gui.png>
Package pdftex.def Info: spatialite_gui.png used on input line 435.
(pdftex.def)             Requested size: 240.89572pt x 135.50385pt.
 [82

 <./spatialite_gui.png>]
<rasterlite.png, id=1431, 602.25pt x 338.76563pt>
File: rasterlite.png Graphic file (type png)
 <use rasterlite.png>
Package pdftex.def Info: rasterlite.png used on input line 443.
(pdftex.def)             Requested size: 240.89572pt x 135.50385pt.
 [83

 <./rasterlite.png>] <spatialite_gis.png, id=1449, 602.25pt x 338.76563pt>
File: spatialite_gis.png Graphic file (type png)

<use spatialite_gis.png>
Package pdftex.def Info: spatialite_gis.png used on input line 451.
(pdftex.def)             Requested size: 240.89572pt x 135.50385pt.
 [84

 <./spatialite_gis.png>]
LaTeX Font Info:    Font shape `OT1/lmss/m/it' in size <10> not available
(Font)              Font shape `OT1/lmss/m/sl' tried instead on input line 461.


<distances1.png, id=1467, 655.69969pt x 477.28313pt>
File: distances1.png Graphic file (type png)
 <use distances1.png>
Package pdftex.def Info: distances1.png used on input line 461.
(pdftex.def)             Requested size: 131.1376pt x 95.45493pt.

[85

 <./distances1.png>] <distance2.png, id=1484, 1028.34187pt x 557.83406pt>
File: distance2.png Graphic file (type png)

<use distance2.png>
Package pdftex.def Info: distance2.png used on input line 467.
(pdftex.def)             Requested size: 308.50494pt x 167.3515pt.

Overfull \hbox (1.21507pt too wide) in paragraph at lines 467--467
[][]  
 []


Overfull \vbox (13.45555pt too high) detected at line 467
 []

[86

 <./distance2.png>] <distance3.png, id=1503, 435.12563pt x 353.82187pt>
File: distance3.png Graphic file (type png)

<use distance3.png>
Package pdftex.def Info: distance3.png used on input line 473.
(pdftex.def)             Requested size: 217.56227pt x 176.91049pt.

Overfull \vbox (9.41454pt too high) detected at line 473
 []

[87

 <./distance3.png>]
LaTeX Font Info:    Font shape `OT1/lmss/m/it' in size <20.74> not available
(Font)              Font shape `OT1/lmss/m/sl' tried instead on input line 481.

 [88

] [89

]
<distance5.png, id=1554, 1028.34187pt x 557.83406pt>
File: distance5.png Graphic file (type png)
 <use distance5.png>
Package pdftex.def Info: distance5.png used on input line 487.
(pdftex.def)             Requested size: 308.50494pt x 167.3515pt.

Overfull \hbox (1.21507pt too wide) in paragraph at lines 487--487
[][]  
 []


Overfull \vbox (13.45555pt too high) detected at line 487
 []

[90

 <./distance5.png>] <distance6.png, id=1572, 1028.34187pt x 557.83406pt>
File: distance6.png Graphic file (type png)

<use distance6.png>
Package pdftex.def Info: distance6.png used on input line 493.
(pdftex.def)             Requested size: 308.50494pt x 167.3515pt.

Overfull \hbox (1.21507pt too wide) in paragraph at lines 493--493
[][]  
 []

LaTeX Font Info:    Font shape `OT1/lmss/m/it' in size <14.4> not available
(Font)              Font shape `OT1/lmss/m/sl' tried instead on input line 493.


Overfull \vbox (13.45555pt too high) detected at line 493
 []

[91

 <./distance6.png>] <distance7.png, id=1592, 1028.34187pt x 557.83406pt>
File: distance7.png Graphic file (type png)

<use distance7.png>
Package pdftex.def Info: distance7.png used on input line 499.
(pdftex.def)             Requested size: 308.50494pt x 167.3515pt.

Overfull \hbox (1.21507pt too wide) in paragraph at lines 499--499
[][]  
 []


Overfull \vbox (13.45555pt too high) detected at line 499
 []

[92

 <./distance7.png>] <distance8.png, id=1610, 1028.34187pt x 557.83406pt>
File: distance8.png Graphic file (type png)

<use distance8.png>
Package pdftex.def Info: distance8.png used on input line 506.
(pdftex.def)             Requested size: 205.66473pt x 111.56483pt.
 [93

 <./distance8.png>]
<distance11.png, id=1629, 1024.57782pt x 555.57562pt>
File: distance11.png Graphic file (type png)
 <use distance11.png>
Package pdftex.def Info: distance11.png used on input line 512.
(pdftex.def)             Requested size: 307.37572pt x 166.67397pt.

Overfull \vbox (26.37802pt too high) detected at line 512
 []

[94

 <./distance11.png>] <distance13.png, id=1646, 1028.34187pt x 557.83406pt>
File: distance13.png Graphic file (type png)

<use distance13.png>
Package pdftex.def Info: distance13.png used on input line 519.
(pdftex.def)             Requested size: 308.50494pt x 167.3515pt.

Overfull \hbox (1.21507pt too wide) in paragraph at lines 519--519
[][]  
 []

[95

 <./distance13.png>] <nosql.jpeg, id=1664, 222.8325pt x 204.765pt>
File: nosql.jpeg Graphic file (type jpg)

<use nosql.jpeg>
Package pdftex.def Info: nosql.jpeg used on input line 528.
(pdftex.def)             Requested size: 89.13141pt x 81.90454pt.
 [96

 <./nosql.jpeg>]
File: nosql.jpeg Graphic file (type jpg)
 <use nosql.jpeg>
Package pdftex.def Info: nosql.jpeg used on input line 528.
(pdftex.def)             Requested size: 89.13141pt x 81.90454pt.
 [97

] [98

] [99

]
LaTeX Font Info:    Try loading font information for OT1+lmtt on input line 554
.

(/usr/share/texmf/tex/latex/lm/ot1lmtt.fd
File: ot1lmtt.fd 2009/10/30 v1.6 Font defs for Latin Modern
) [100

] [101

] [102

]
\openout2 = `fdl-1.3.aux'.

 (./fdl-1.3.tex
[103


]
Underfull \vbox (badness 10000) has occurred while \output is active []

 [104]
[105]
Underfull \vbox (badness 10000) has occurred while \output is active []

 [106]
Underfull \vbox (badness 10000) has occurred while \output is active []

 [107]
Underfull \vbox (badness 10000) has occurred while \output is active []

 [108]
Underfull \vbox (badness 10000) has occurred while \output is active []

 [109]
[110] [111]
Underfull \vbox (badness 10000) has occurred while \output is active []

 [112]
Underfull \vbox (badness 10000) has occurred while \output is active []

 [113]
[114] [115] [116] [117] [118]
Underfull \vbox (badness 10000) has occurred while \output is active []

 [119]
[120] [121] [122] [123]
Underfull \vbox (badness 10000) has occurred while \output is active []

 [124]
[125] [126]
Underfull \vbox (badness 10000) has occurred while \output is active []

 [127]
[128] [129]

LaTeX Font Warning: Font shape `OMS/lmss/m/it' undefined
(Font)              using `OMS/lmss/m/n' instead on input line 545.

[130]) [131]
\tf@nav=\write6
\openout6 = `cloud6.nav'.

\tf@toc=\write7
\openout7 = `cloud6.toc'.

\tf@snm=\write8
\openout8 = `cloud6.snm'.

Package atveryend Info: Empty hook `BeforeClearDocument' on input line 571.
Package atveryend Info: Empty hook `AfterLastShipout' on input line 571.
 (./cloud6.aux (./fdl-1.3.aux))
Package atveryend Info: Executing hook `AtVeryEndDocument' on input line 571.
Package atveryend Info: Executing hook `AtEndAfterFileList' on input line 571.
Package rerunfilecheck Info: File `cloud6.out' has not changed.
(rerunfilecheck)             Checksum: 00B37080DC37B6EA3F53CE1CEDCED649;1091.


LaTeX Font Warning: Some font shapes were not available, defaults substituted.

Package atveryend Info: Empty hook `AtVeryVeryEnd' on input line 571.
 ) 
Here is how much of TeX's memory you used:
 17829 strings out of 495059
 323778 string characters out of 3182029
 472400 words of memory out of 3000000
 20264 multiletter control sequences out of 15000+200000
 63494 words of font info for 53 fonts, out of 3000000 for 9000
 14 hyphenation exceptions out of 8191
 49i,20n,62p,395b,1432s stack positions out of 5000i,500n,10000p,200000b,50000s
{/usr/share/texmf/fonts/enc/dvips/lm/lm-rmtt.enc}{/usr/share/texmf/fonts/enc/
dvips/lm/lm-rm.enc}</usr/share/texlive/texmf-dist/fonts/type1/public/amsfonts/c
m/cmsy10.pfb></usr/share/texmf/fonts/type1/public/lm/lmss10.pfb></usr/share/tex
mf/fonts/type1/public/lm/lmss12.pfb></usr/share/texmf/fonts/type1/public/lm/lms
s17.pfb></usr/share/texmf/fonts/type1/public/lm/lmss8.pfb></usr/share/texmf/fon
ts/type1/public/lm/lmssbx10.pfb></usr/share/texmf/fonts/type1/public/lm/lmsso10
.pfb></usr/share/texmf/fonts/type1/public/lm/lmsso12.pfb></usr/share/texmf/font
s/type1/public/lm/lmsso17.pfb></usr/share/texmf/fonts/type1/public/lm/lmtt10.pf
b>
Output written on cloud6.pdf (131 pages, 4749911 bytes).
PDF statistics:
 2211 PDF objects out of 2487 (max. 8388607)
 1984 compressed objects within 20 object streams
 282 named destinations out of 1000 (max. 500000)
 359 words of extra memory for PDF output out of 10000 (max. 10000000)

